#
# A fatal error has been detected by the Java Runtime Environment:
#
#  EXCEPTION_ACCESS_VIOLATION (0xc0000005) at pc=0x0000000075f62eb3, pid=4856, tid=8264
#
# JRE version: Java(TM) SE Runtime Environment (9.0+11) (build 9.0.1+11)
# Java VM: Java HotSpot(TM) 64-Bit Server VM (9.0.1+11, mixed mode, tiered, compressed oops, g1 gc, windows-amd64)
# Problematic frame:
# V  [jvm.dll+0x2f2eb3]
#
# No core dump will be written. Minidumps are not enabled by default on client versions of Windows
#
# If you would like to submit a bug report, please visit:
#   http://bugreport.java.com/bugreport/crash.jsp
#

---------------  S U M M A R Y ------------

Command Line: -agentlib:jdwp=transport=dt_socket,address=127.0.0.1:52248,suspend=y,server=n -Dfile.encoding=UTF-8 Main

Host: Intel(R) Core(TM) i7-4790 CPU @ 3.60GHz, 8 cores, 31G,  Windows 10 , 64 bit Build 15063 (10.0.15063.296)
Time: Wed Dec 13 22:38:53 2017 W. Europe Standard Time elapsed time: 228 seconds (0d 0h 3m 48s)

---------------  T H R E A D  ---------------

Current thread (0x00000229ff579000):  VMThread "VM Thread" [stack: 0x000000ef8a200000,0x000000ef8a300000] [id=8264]

Stack: [0x000000ef8a200000,0x000000ef8a300000],  sp=0x000000ef8a2ff350,  free space=1020k
Native frames: (J=compiled Java code, j=interpreted, Vv=VM code, C=native code)
V  [jvm.dll+0x2f2eb3]
V  [jvm.dll+0x2f68e9]
V  [jvm.dll+0x2f6ce2]
V  [jvm.dll+0x2f3165]
V  [jvm.dll+0x57845f]
V  [jvm.dll+0x57876c]
V  [jvm.dll+0x578613]
V  [jvm.dll+0x578e0c]
V  [jvm.dll+0x546f8a]
V  [jvm.dll+0x465261]
V  [jvm.dll+0x6a34eb]
V  [jvm.dll+0x6a1c85]
V  [jvm.dll+0x6a2461]
V  [jvm.dll+0x6a274c]
V  [jvm.dll+0x5864e0]
C  [msvcr120.dll+0x24f7f]
C  [msvcr120.dll+0x25126]
C  [KERNEL32.DLL+0x12774]
C  [ntdll.dll+0x70d51]


siginfo: EXCEPTION_ACCESS_VIOLATION (0xc0000005), reading address 0xffffffffffffffff


Register to memory mapping:

RIP=0x0000000075f62eb3 jvm.dll
RAX=0x00000229f5ba6190 is an unknown value
RBX=0x000000ef8a2ff590 is an unknown value
RCX=0x000000ef8a2ff600 is an unknown value
RDX=0xffffffffffffca74 is an unknown value
RSP=0x000000ef8a2ff350 is an unknown value
RBP=0x000000ef8a2ff3c0 is an unknown value
RSI=0x00000229f5ba60e0 is an unknown value
RDI=0x0000000000000099 is an unknown value
R8 =0x03ffffffffffff29 is an unknown value
R9 =0x0000000000000034 is an unknown value
R10=0x000000000000003c is an unknown value
R11=0x0000000000000000 is an unknown value
R12=0x0000000000000000 is an unknown value
R13=0x0000000000000050 is an unknown value
R14=0x0000000000000000 is an unknown value
R15=0x0000000075f62e90 jvm.dll


Registers:
RAX=0x00000229f5ba6190, RBX=0x000000ef8a2ff590, RCX=0x000000ef8a2ff600, RDX=0xffffffffffffca74
RSP=0x000000ef8a2ff350, RBP=0x000000ef8a2ff3c0, RSI=0x00000229f5ba60e0, RDI=0x0000000000000099
R8 =0x03ffffffffffff29, R9 =0x0000000000000034, R10=0x000000000000003c, R11=0x0000000000000000
R12=0x0000000000000000, R13=0x0000000000000050, R14=0x0000000000000000, R15=0x0000000075f62e90
RIP=0x0000000075f62eb3, EFLAGS=0x0000000000010a03

Top of Stack: (sp=0x000000ef8a2ff350)
0x000000ef8a2ff350:   00000229ff0e2148 00000229ff579000
0x000000ef8a2ff360:   0000000000000047 0000000075f66910
0x000000ef8a2ff370:   000000ef8a2ff590 0000000075f668e9
0x000000ef8a2ff380:   000000ef8a2f24ca 000000ef8a2ff590
0x000000ef8a2ff390:   000000ef8a2ff4d0 000000000000003e
0x000000ef8a2ff3a0:   000000ef8a2ff4d0 000000ef02000000
0x000000ef8a2ff3b0:   0000000000000000 0000000075f67346
0x000000ef8a2ff3c0:   00000229f5ba64c8 0000000000000001
0x000000ef8a2ff3d0:   00000000000003d8 0000000000000099
0x000000ef8a2ff3e0:   0000000000000050 0000000075f66ce2
0x000000ef8a2ff3f0:   000000ef8a2ff590 0000000000000001
0x000000ef8a2ff400:   00000229f5ba60e0 00000229f5ba60e0
0x000000ef8a2ff410:   00000229ff0e2868 00000229ff579000
0x000000ef8a2ff420:   0000005300000050 0000009900000078
0x000000ef8a2ff430:   0000007800000000 ffffffff00000099
0x000000ef8a2ff440:   00000229f5ba64c8 0000000000000000 

Instructions: (pc=0x0000000075f62eb3)
0x0000000075f62e93:   83 ec 20 48 63 d2 48 8b d9 48 83 c1 70 0f b6 c2
0x0000000075f62ea3:   4c 8b c2 24 3f 49 c1 e8 06 44 0f b6 c8 48 8b 01
0x0000000075f62eb3:   4e 8b 04 c0 4d 0f a3 c8 72 0b 41 b0 01 e8 7b f6
0x0000000075f62ec3:   df ff ff 43 6c 48 83 c4 20 5b c3 cc cc 48 83 ec 


VM_Operation (0x000000ef8adff3a0): GetOrSetLocal, mode: safepoint, requested by thread 0x00000229ff7d0800


---------------  P R O C E S S  ---------------

Java Threads: ( => current thread )
  0x00000229ff7e6000 JavaThread "Service Thread" daemon [_thread_blocked, id=7388, stack(0x000000ef8b000000,0x000000ef8b100000)]
  0x00000229ff7dc000 JavaThread "JDWP Command Reader" daemon [_thread_in_native, id=1672, stack(0x000000ef8af00000,0x000000ef8b000000)]
  0x00000229ff7d1000 JavaThread "JDWP Event Helper Thread" daemon [_thread_blocked, id=10600, stack(0x000000ef8ae00000,0x000000ef8af00000)]
  0x00000229ff7d0800 JavaThread "JDWP Transport Listener: dt_socket" daemon [_thread_blocked, id=12148, stack(0x000000ef8ad00000,0x000000ef8ae00000)]
  0x00000229ff6b4000 JavaThread "Common-Cleaner" daemon [_thread_blocked, id=2360, stack(0x000000ef8ac00000,0x000000ef8ad00000)]
  0x00000229ff603800 JavaThread "Sweeper thread" daemon [_thread_blocked, id=6572, stack(0x000000ef8ab00000,0x000000ef8ac00000)]
  0x00000229ff5f0800 JavaThread "C1 CompilerThread3" daemon [_thread_blocked, id=6592, stack(0x000000ef8aa00000,0x000000ef8ab00000)]
  0x00000229ff5e6800 JavaThread "C2 CompilerThread2" daemon [_thread_blocked, id=3564, stack(0x000000ef8a900000,0x000000ef8aa00000)]
  0x00000229ff5e5800 JavaThread "C2 CompilerThread1" daemon [_thread_blocked, id=15744, stack(0x000000ef8a800000,0x000000ef8a900000)]
  0x00000229ff5e5000 JavaThread "C2 CompilerThread0" daemon [_thread_blocked, id=11152, stack(0x000000ef8a700000,0x000000ef8a800000)]
  0x00000229ff5e4000 JavaThread "Attach Listener" daemon [_thread_blocked, id=3328, stack(0x000000ef8a600000,0x000000ef8a700000)]
  0x00000229ff5df800 JavaThread "Signal Dispatcher" daemon [_thread_blocked, id=2200, stack(0x000000ef8a500000,0x000000ef8a600000)]
  0x00000229ff585000 JavaThread "Finalizer" daemon [_thread_blocked, id=7916, stack(0x000000ef8a400000,0x000000ef8a500000)]
  0x00000229ff57a800 JavaThread "Reference Handler" daemon [_thread_blocked, id=5116, stack(0x000000ef8a300000,0x000000ef8a400000)]
  0x00000229f5b5c000 JavaThread "main" [_thread_blocked, id=4692, stack(0x000000ef88d00000,0x000000ef88e00000)]

Other Threads:
=>0x00000229ff579000 VMThread "VM Thread" [stack: 0x000000ef8a200000,0x000000ef8a300000] [id=8264]
  0x00000229ff7e8000 WatcherThread [stack: 0x000000ef8b100000,0x000000ef8b200000] [id=15696]
  0x00000229f5b76000 GCTaskThread "GC Thread#0" [stack: 0x000000ef88e00000,0x000000ef88f00000] [id=15656]
  0x00000229f5b77800 GCTaskThread "GC Thread#1" [stack: 0x000000ef88f00000,0x000000ef89000000] [id=1872]
  0x00000229f5b79000 GCTaskThread "GC Thread#2" [stack: 0x000000ef89000000,0x000000ef89100000] [id=3592]
  0x00000229f5b7b000 GCTaskThread "GC Thread#3" [stack: 0x000000ef89100000,0x000000ef89200000] [id=8500]
  0x00000229f5b7d000 GCTaskThread "GC Thread#4" [stack: 0x000000ef89200000,0x000000ef89300000] [id=3612]
  0x00000229f5b7f800 GCTaskThread "GC Thread#5" [stack: 0x000000ef89300000,0x000000ef89400000] [id=10284]
  0x00000229f5b88000 GCTaskThread "GC Thread#6" [stack: 0x000000ef89400000,0x000000ef89500000] [id=1764]
  0x00000229f5b88800 GCTaskThread "GC Thread#7" [stack: 0x000000ef89500000,0x000000ef89600000] [id=5336]
  0x00000229f5c1d800 ConcurrentGCThread "G1 Main Marker" [stack: 0x000000ef89f00000,0x000000ef8a000000] [id=12872]
  0x00000229f5b86000 ConcurrentGCThread "G1 Marker#0" [stack: 0x000000ef8a000000,0x000000ef8a100000] [id=10516]
  0x00000229f5b86800 ConcurrentGCThread "G1 Marker#1" [stack: 0x000000ef8a100000,0x000000ef8a200000] [id=13264]
  0x00000229f5bac800 ConcurrentGCThread "G1 Refine#0" [stack: 0x000000ef89d00000,0x000000ef89e00000] [id=16132]
  0x00000229f5bab800 ConcurrentGCThread "G1 Refine#1" [stack: 0x000000ef89c00000,0x000000ef89d00000] [id=7616]
  0x00000229f5ba5000 ConcurrentGCThread "G1 Refine#2" [stack: 0x000000ef89b00000,0x000000ef89c00000] [id=2232]
  0x00000229f5ba2000 ConcurrentGCThread "G1 Refine#3" [stack: 0x000000ef89a00000,0x000000ef89b00000] [id=11800]
  0x00000229f5b9d800 ConcurrentGCThread "G1 Refine#4" [stack: 0x000000ef89900000,0x000000ef89a00000] [id=5308]
  0x00000229f5b96800 ConcurrentGCThread "G1 Refine#5" [stack: 0x000000ef89800000,0x000000ef89900000] [id=6992]
  0x00000229f5b96000 ConcurrentGCThread "G1 Refine#6" [stack: 0x000000ef89700000,0x000000ef89800000] [id=11348]
  0x00000229f5b95000 ConcurrentGCThread "G1 Refine#7" [stack: 0x000000ef89600000,0x000000ef89700000] [id=14672]
  0x00000229f5bb5000 ConcurrentGCThread "G1 Young RemSet Sampling" [stack: 0x000000ef89e00000,0x000000ef89f00000] [id=13560]

Threads with active compile tasks:

VM state:at safepoint (normal execution)

VM Mutex/Monitor currently owned by a thread:  ([mutex/lock_event])
[0x00000229f5b5afa0] Threads_lock - owner thread: 0x00000229ff579000

Heap address: 0x00000005c0e00000, size: 8178 MB, Compressed Oops mode: Zero based, Oop shift amount: 3
Narrow klass base: 0x0000000000000000, Narrow klass shift: 3
Compressed class space size: 1073741824 Address: 0x00000007c0000000

Heap:
 garbage-first heap   total 524288K, used 2048K [0x00000005c0e00000, 0x00000005c1000800, 0x00000007c0000000)
  region size 2048K, 2 young (4096K), 0 survivors (0K)
 Metaspace       used 6315K, capacity 6438K, committed 6528K, reserved 1056768K
  class space    used 545K, capacity 559K, committed 640K, reserved 1048576K
Heap Regions: E=young(eden), S=young(survivor), O=old, HS=humongous(starts), HC=humongous(continues), CS=collection set, F=free, A=archive, TS=gc time stamp, AC=allocation context, TAMS=top-at-mark-start (previous, next)
|   0|0x00000005c0e00000, 0x00000005c0e00000, 0x00000005c1000000|  0%| F|  |TS  0|AC  0|TAMS 0x00000005c0e00000, 0x00000005c0e00000|
|   1|0x00000005c1000000, 0x00000005c1000000, 0x00000005c1200000|  0%| F|  |TS  0|AC  0|TAMS 0x00000005c1000000, 0x00000005c1000000|
|   2|0x00000005c1200000, 0x00000005c1200000, 0x00000005c1400000|  0%| F|  |TS  0|AC  0|TAMS 0x00000005c1200000, 0x00000005c1200000|
|   3|0x00000005c1400000, 0x00000005c1400000, 0x00000005c1600000|  0%| F|  |TS  0|AC  0|TAMS 0x00000005c1400000, 0x00000005c1400000|
|   4|0x00000005c1600000, 0x00000005c1600000, 0x00000005c1800000|  0%| F|  |TS  0|AC  0|TAMS 0x00000005c1600000, 0x00000005c1600000|
|   5|0x00000005c1800000, 0x00000005c1800000, 0x00000005c1a00000|  0%| F|  |TS  0|AC  0|TAMS 0x00000005c1800000, 0x00000005c1800000|
|   6|0x00000005c1a00000, 0x00000005c1a00000, 0x00000005c1c00000|  0%| F|  |TS  0|AC  0|TAMS 0x00000005c1a00000, 0x00000005c1a00000|
|   7|0x00000005c1c00000, 0x00000005c1c00000, 0x00000005c1e00000|  0%| F|  |TS  0|AC  0|TAMS 0x00000005c1c00000, 0x00000005c1c00000|
|   8|0x00000005c1e00000, 0x00000005c1e00000, 0x00000005c2000000|  0%| F|  |TS  0|AC  0|TAMS 0x00000005c1e00000, 0x00000005c1e00000|
|   9|0x00000005c2000000, 0x00000005c2000000, 0x00000005c2200000|  0%| F|  |TS  0|AC  0|TAMS 0x00000005c2000000, 0x00000005c2000000|
|  10|0x00000005c2200000, 0x00000005c2200000, 0x00000005c2400000|  0%| F|  |TS  0|AC  0|TAMS 0x00000005c2200000, 0x00000005c2200000|
|  11|0x00000005c2400000, 0x00000005c2400000, 0x00000005c2600000|  0%| F|  |TS  0|AC  0|TAMS 0x00000005c2400000, 0x00000005c2400000|
|  12|0x00000005c2600000, 0x00000005c2600000, 0x00000005c2800000|  0%| F|  |TS  0|AC  0|TAMS 0x00000005c2600000, 0x00000005c2600000|
|  13|0x00000005c2800000, 0x00000005c2800000, 0x00000005c2a00000|  0%| F|  |TS  0|AC  0|TAMS 0x00000005c2800000, 0x00000005c2800000|
|  14|0x00000005c2a00000, 0x00000005c2a00000, 0x00000005c2c00000|  0%| F|  |TS  0|AC  0|TAMS 0x00000005c2a00000, 0x00000005c2a00000|
|  15|0x00000005c2c00000, 0x00000005c2c00000, 0x00000005c2e00000|  0%| F|  |TS  0|AC  0|TAMS 0x00000005c2c00000, 0x00000005c2c00000|
|  16|0x00000005c2e00000, 0x00000005c2e00000, 0x00000005c3000000|  0%| F|  |TS  0|AC  0|TAMS 0x00000005c2e00000, 0x00000005c2e00000|
|  17|0x00000005c3000000, 0x00000005c3000000, 0x00000005c3200000|  0%| F|  |TS  0|AC  0|TAMS 0x00000005c3000000, 0x00000005c3000000|
|  18|0x00000005c3200000, 0x00000005c3200000, 0x00000005c3400000|  0%| F|  |TS  0|AC  0|TAMS 0x00000005c3200000, 0x00000005c3200000|
|  19|0x00000005c3400000, 0x00000005c3400000, 0x00000005c3600000|  0%| F|  |TS  0|AC  0|TAMS 0x00000005c3400000, 0x00000005c3400000|
|  20|0x00000005c3600000, 0x00000005c3600000, 0x00000005c3800000|  0%| F|  |TS  0|AC  0|TAMS 0x00000005c3600000, 0x00000005c3600000|
|  21|0x00000005c3800000, 0x00000005c3800000, 0x00000005c3a00000|  0%| F|  |TS  0|AC  0|TAMS 0x00000005c3800000, 0x00000005c3800000|
|  22|0x00000005c3a00000, 0x00000005c3a00000, 0x00000005c3c00000|  0%| F|  |TS  0|AC  0|TAMS 0x00000005c3a00000, 0x00000005c3a00000|
|  23|0x00000005c3c00000, 0x00000005c3c00000, 0x00000005c3e00000|  0%| F|  |TS  0|AC  0|TAMS 0x00000005c3c00000, 0x00000005c3c00000|
|  24|0x00000005c3e00000, 0x00000005c3e00000, 0x00000005c4000000|  0%| F|  |TS  0|AC  0|TAMS 0x00000005c3e00000, 0x00000005c3e00000|
|  25|0x00000005c4000000, 0x00000005c4000000, 0x00000005c4200000|  0%| F|  |TS  0|AC  0|TAMS 0x00000005c4000000, 0x00000005c4000000|
|  26|0x00000005c4200000, 0x00000005c4200000, 0x00000005c4400000|  0%| F|  |TS  0|AC  0|TAMS 0x00000005c4200000, 0x00000005c4200000|
|  27|0x00000005c4400000, 0x00000005c4400000, 0x00000005c4600000|  0%| F|  |TS  0|AC  0|TAMS 0x00000005c4400000, 0x00000005c4400000|
|  28|0x00000005c4600000, 0x00000005c4600000, 0x00000005c4800000|  0%| F|  |TS  0|AC  0|TAMS 0x00000005c4600000, 0x00000005c4600000|
|  29|0x00000005c4800000, 0x00000005c4800000, 0x00000005c4a00000|  0%| F|  |TS  0|AC  0|TAMS 0x00000005c4800000, 0x00000005c4800000|
|  30|0x00000005c4a00000, 0x00000005c4a00000, 0x00000005c4c00000|  0%| F|  |TS  0|AC  0|TAMS 0x00000005c4a00000, 0x00000005c4a00000|
|  31|0x00000005c4c00000, 0x00000005c4c00000, 0x00000005c4e00000|  0%| F|  |TS  0|AC  0|TAMS 0x00000005c4c00000, 0x00000005c4c00000|
|  32|0x00000005c4e00000, 0x00000005c4e00000, 0x00000005c5000000|  0%| F|  |TS  0|AC  0|TAMS 0x00000005c4e00000, 0x00000005c4e00000|
|  33|0x00000005c5000000, 0x00000005c5000000, 0x00000005c5200000|  0%| F|  |TS  0|AC  0|TAMS 0x00000005c5000000, 0x00000005c5000000|
|  34|0x00000005c5200000, 0x00000005c5200000, 0x00000005c5400000|  0%| F|  |TS  0|AC  0|TAMS 0x00000005c5200000, 0x00000005c5200000|
|  35|0x00000005c5400000, 0x00000005c5400000, 0x00000005c5600000|  0%| F|  |TS  0|AC  0|TAMS 0x00000005c5400000, 0x00000005c5400000|
|  36|0x00000005c5600000, 0x00000005c5600000, 0x00000005c5800000|  0%| F|  |TS  0|AC  0|TAMS 0x00000005c5600000, 0x00000005c5600000|
|  37|0x00000005c5800000, 0x00000005c5800000, 0x00000005c5a00000|  0%| F|  |TS  0|AC  0|TAMS 0x00000005c5800000, 0x00000005c5800000|
|  38|0x00000005c5a00000, 0x00000005c5a00000, 0x00000005c5c00000|  0%| F|  |TS  0|AC  0|TAMS 0x00000005c5a00000, 0x00000005c5a00000|
|  39|0x00000005c5c00000, 0x00000005c5c00000, 0x00000005c5e00000|  0%| F|  |TS  0|AC  0|TAMS 0x00000005c5c00000, 0x00000005c5c00000|
|  40|0x00000005c5e00000, 0x00000005c5e00000, 0x00000005c6000000|  0%| F|  |TS  0|AC  0|TAMS 0x00000005c5e00000, 0x00000005c5e00000|
|  41|0x00000005c6000000, 0x00000005c6000000, 0x00000005c6200000|  0%| F|  |TS  0|AC  0|TAMS 0x00000005c6000000, 0x00000005c6000000|
|  42|0x00000005c6200000, 0x00000005c6200000, 0x00000005c6400000|  0%| F|  |TS  0|AC  0|TAMS 0x00000005c6200000, 0x00000005c6200000|
|  43|0x00000005c6400000, 0x00000005c6400000, 0x00000005c6600000|  0%| F|  |TS  0|AC  0|TAMS 0x00000005c6400000, 0x00000005c6400000|
|  44|0x00000005c6600000, 0x00000005c6600000, 0x00000005c6800000|  0%| F|  |TS  0|AC  0|TAMS 0x00000005c6600000, 0x00000005c6600000|
|  45|0x00000005c6800000, 0x00000005c6800000, 0x00000005c6a00000|  0%| F|  |TS  0|AC  0|TAMS 0x00000005c6800000, 0x00000005c6800000|
|  46|0x00000005c6a00000, 0x00000005c6a00000, 0x00000005c6c00000|  0%| F|  |TS  0|AC  0|TAMS 0x00000005c6a00000, 0x00000005c6a00000|
|  47|0x00000005c6c00000, 0x00000005c6c00000, 0x00000005c6e00000|  0%| F|  |TS  0|AC  0|TAMS 0x00000005c6c00000, 0x00000005c6c00000|
|  48|0x00000005c6e00000, 0x00000005c6e00000, 0x00000005c7000000|  0%| F|  |TS  0|AC  0|TAMS 0x00000005c6e00000, 0x00000005c6e00000|
|  49|0x00000005c7000000, 0x00000005c7000000, 0x00000005c7200000|  0%| F|  |TS  0|AC  0|TAMS 0x00000005c7000000, 0x00000005c7000000|
|  50|0x00000005c7200000, 0x00000005c7200000, 0x00000005c7400000|  0%| F|  |TS  0|AC  0|TAMS 0x00000005c7200000, 0x00000005c7200000|
|  51|0x00000005c7400000, 0x00000005c7400000, 0x00000005c7600000|  0%| F|  |TS  0|AC  0|TAMS 0x00000005c7400000, 0x00000005c7400000|
|  52|0x00000005c7600000, 0x00000005c7600000, 0x00000005c7800000|  0%| F|  |TS  0|AC  0|TAMS 0x00000005c7600000, 0x00000005c7600000|
|  53|0x00000005c7800000, 0x00000005c7800000, 0x00000005c7a00000|  0%| F|  |TS  0|AC  0|TAMS 0x00000005c7800000, 0x00000005c7800000|
|  54|0x00000005c7a00000, 0x00000005c7a00000, 0x00000005c7c00000|  0%| F|  |TS  0|AC  0|TAMS 0x00000005c7a00000, 0x00000005c7a00000|
|  55|0x00000005c7c00000, 0x00000005c7c00000, 0x00000005c7e00000|  0%| F|  |TS  0|AC  0|TAMS 0x00000005c7c00000, 0x00000005c7c00000|
|  56|0x00000005c7e00000, 0x00000005c7e00000, 0x00000005c8000000|  0%| F|  |TS  0|AC  0|TAMS 0x00000005c7e00000, 0x00000005c7e00000|
|  57|0x00000005c8000000, 0x00000005c8000000, 0x00000005c8200000|  0%| F|  |TS  0|AC  0|TAMS 0x00000005c8000000, 0x00000005c8000000|
|  58|0x00000005c8200000, 0x00000005c8200000, 0x00000005c8400000|  0%| F|  |TS  0|AC  0|TAMS 0x00000005c8200000, 0x00000005c8200000|
|  59|0x00000005c8400000, 0x00000005c8400000, 0x00000005c8600000|  0%| F|  |TS  0|AC  0|TAMS 0x00000005c8400000, 0x00000005c8400000|
|  60|0x00000005c8600000, 0x00000005c8600000, 0x00000005c8800000|  0%| F|  |TS  0|AC  0|TAMS 0x00000005c8600000, 0x00000005c8600000|
|  61|0x00000005c8800000, 0x00000005c8800000, 0x00000005c8a00000|  0%| F|  |TS  0|AC  0|TAMS 0x00000005c8800000, 0x00000005c8800000|
|  62|0x00000005c8a00000, 0x00000005c8a00000, 0x00000005c8c00000|  0%| F|  |TS  0|AC  0|TAMS 0x00000005c8a00000, 0x00000005c8a00000|
|  63|0x00000005c8c00000, 0x00000005c8c00000, 0x00000005c8e00000|  0%| F|  |TS  0|AC  0|TAMS 0x00000005c8c00000, 0x00000005c8c00000|
|  64|0x00000005c8e00000, 0x00000005c8e00000, 0x00000005c9000000|  0%| F|  |TS  0|AC  0|TAMS 0x00000005c8e00000, 0x00000005c8e00000|
|  65|0x00000005c9000000, 0x00000005c9000000, 0x00000005c9200000|  0%| F|  |TS  0|AC  0|TAMS 0x00000005c9000000, 0x00000005c9000000|
|  66|0x00000005c9200000, 0x00000005c9200000, 0x00000005c9400000|  0%| F|  |TS  0|AC  0|TAMS 0x00000005c9200000, 0x00000005c9200000|
|  67|0x00000005c9400000, 0x00000005c9400000, 0x00000005c9600000|  0%| F|  |TS  0|AC  0|TAMS 0x00000005c9400000, 0x00000005c9400000|
|  68|0x00000005c9600000, 0x00000005c9600000, 0x00000005c9800000|  0%| F|  |TS  0|AC  0|TAMS 0x00000005c9600000, 0x00000005c9600000|
|  69|0x00000005c9800000, 0x00000005c9800000, 0x00000005c9a00000|  0%| F|  |TS  0|AC  0|TAMS 0x00000005c9800000, 0x00000005c9800000|
|  70|0x00000005c9a00000, 0x00000005c9a00000, 0x00000005c9c00000|  0%| F|  |TS  0|AC  0|TAMS 0x00000005c9a00000, 0x00000005c9a00000|
|  71|0x00000005c9c00000, 0x00000005c9c00000, 0x00000005c9e00000|  0%| F|  |TS  0|AC  0|TAMS 0x00000005c9c00000, 0x00000005c9c00000|
|  72|0x00000005c9e00000, 0x00000005c9e00000, 0x00000005ca000000|  0%| F|  |TS  0|AC  0|TAMS 0x00000005c9e00000, 0x00000005c9e00000|
|  73|0x00000005ca000000, 0x00000005ca000000, 0x00000005ca200000|  0%| F|  |TS  0|AC  0|TAMS 0x00000005ca000000, 0x00000005ca000000|
|  74|0x00000005ca200000, 0x00000005ca200000, 0x00000005ca400000|  0%| F|  |TS  0|AC  0|TAMS 0x00000005ca200000, 0x00000005ca200000|
|  75|0x00000005ca400000, 0x00000005ca400000, 0x00000005ca600000|  0%| F|  |TS  0|AC  0|TAMS 0x00000005ca400000, 0x00000005ca400000|
|  76|0x00000005ca600000, 0x00000005ca600000, 0x00000005ca800000|  0%| F|  |TS  0|AC  0|TAMS 0x00000005ca600000, 0x00000005ca600000|
|  77|0x00000005ca800000, 0x00000005ca800000, 0x00000005caa00000|  0%| F|  |TS  0|AC  0|TAMS 0x00000005ca800000, 0x00000005ca800000|
|  78|0x00000005caa00000, 0x00000005caa00000, 0x00000005cac00000|  0%| F|  |TS  0|AC  0|TAMS 0x00000005caa00000, 0x00000005caa00000|
|  79|0x00000005cac00000, 0x00000005cac00000, 0x00000005cae00000|  0%| F|  |TS  0|AC  0|TAMS 0x00000005cac00000, 0x00000005cac00000|
|  80|0x00000005cae00000, 0x00000005cae00000, 0x00000005cb000000|  0%| F|  |TS  0|AC  0|TAMS 0x00000005cae00000, 0x00000005cae00000|
|  81|0x00000005cb000000, 0x00000005cb000000, 0x00000005cb200000|  0%| F|  |TS  0|AC  0|TAMS 0x00000005cb000000, 0x00000005cb000000|
|  82|0x00000005cb200000, 0x00000005cb200000, 0x00000005cb400000|  0%| F|  |TS  0|AC  0|TAMS 0x00000005cb200000, 0x00000005cb200000|
|  83|0x00000005cb400000, 0x00000005cb400000, 0x00000005cb600000|  0%| F|  |TS  0|AC  0|TAMS 0x00000005cb400000, 0x00000005cb400000|
|  84|0x00000005cb600000, 0x00000005cb600000, 0x00000005cb800000|  0%| F|  |TS  0|AC  0|TAMS 0x00000005cb600000, 0x00000005cb600000|
|  85|0x00000005cb800000, 0x00000005cb800000, 0x00000005cba00000|  0%| F|  |TS  0|AC  0|TAMS 0x00000005cb800000, 0x00000005cb800000|
|  86|0x00000005cba00000, 0x00000005cba00000, 0x00000005cbc00000|  0%| F|  |TS  0|AC  0|TAMS 0x00000005cba00000, 0x00000005cba00000|
|  87|0x00000005cbc00000, 0x00000005cbc00000, 0x00000005cbe00000|  0%| F|  |TS  0|AC  0|TAMS 0x00000005cbc00000, 0x00000005cbc00000|
|  88|0x00000005cbe00000, 0x00000005cbe00000, 0x00000005cc000000|  0%| F|  |TS  0|AC  0|TAMS 0x00000005cbe00000, 0x00000005cbe00000|
|  89|0x00000005cc000000, 0x00000005cc000000, 0x00000005cc200000|  0%| F|  |TS  0|AC  0|TAMS 0x00000005cc000000, 0x00000005cc000000|
|  90|0x00000005cc200000, 0x00000005cc200000, 0x00000005cc400000|  0%| F|  |TS  0|AC  0|TAMS 0x00000005cc200000, 0x00000005cc200000|
|  91|0x00000005cc400000, 0x00000005cc400000, 0x00000005cc600000|  0%| F|  |TS  0|AC  0|TAMS 0x00000005cc400000, 0x00000005cc400000|
|  92|0x00000005cc600000, 0x00000005cc600000, 0x00000005cc800000|  0%| F|  |TS  0|AC  0|TAMS 0x00000005cc600000, 0x00000005cc600000|
|  93|0x00000005cc800000, 0x00000005cc800000, 0x00000005cca00000|  0%| F|  |TS  0|AC  0|TAMS 0x00000005cc800000, 0x00000005cc800000|
|  94|0x00000005cca00000, 0x00000005cca00000, 0x00000005ccc00000|  0%| F|  |TS  0|AC  0|TAMS 0x00000005cca00000, 0x00000005cca00000|
|  95|0x00000005ccc00000, 0x00000005ccc00000, 0x00000005cce00000|  0%| F|  |TS  0|AC  0|TAMS 0x00000005ccc00000, 0x00000005ccc00000|
|  96|0x00000005cce00000, 0x00000005cce00000, 0x00000005cd000000|  0%| F|  |TS  0|AC  0|TAMS 0x00000005cce00000, 0x00000005cce00000|
|  97|0x00000005cd000000, 0x00000005cd000000, 0x00000005cd200000|  0%| F|  |TS  0|AC  0|TAMS 0x00000005cd000000, 0x00000005cd000000|
|  98|0x00000005cd200000, 0x00000005cd200000, 0x00000005cd400000|  0%| F|  |TS  0|AC  0|TAMS 0x00000005cd200000, 0x00000005cd200000|
|  99|0x00000005cd400000, 0x00000005cd400000, 0x00000005cd600000|  0%| F|  |TS  0|AC  0|TAMS 0x00000005cd400000, 0x00000005cd400000|
| 100|0x00000005cd600000, 0x00000005cd600000, 0x00000005cd800000|  0%| F|  |TS  0|AC  0|TAMS 0x00000005cd600000, 0x00000005cd600000|
| 101|0x00000005cd800000, 0x00000005cd800000, 0x00000005cda00000|  0%| F|  |TS  0|AC  0|TAMS 0x00000005cd800000, 0x00000005cd800000|
| 102|0x00000005cda00000, 0x00000005cda00000, 0x00000005cdc00000|  0%| F|  |TS  0|AC  0|TAMS 0x00000005cda00000, 0x00000005cda00000|
| 103|0x00000005cdc00000, 0x00000005cdc00000, 0x00000005cde00000|  0%| F|  |TS  0|AC  0|TAMS 0x00000005cdc00000, 0x00000005cdc00000|
| 104|0x00000005cde00000, 0x00000005cde00000, 0x00000005ce000000|  0%| F|  |TS  0|AC  0|TAMS 0x00000005cde00000, 0x00000005cde00000|
| 105|0x00000005ce000000, 0x00000005ce000000, 0x00000005ce200000|  0%| F|  |TS  0|AC  0|TAMS 0x00000005ce000000, 0x00000005ce000000|
| 106|0x00000005ce200000, 0x00000005ce200000, 0x00000005ce400000|  0%| F|  |TS  0|AC  0|TAMS 0x00000005ce200000, 0x00000005ce200000|
| 107|0x00000005ce400000, 0x00000005ce400000, 0x00000005ce600000|  0%| F|  |TS  0|AC  0|TAMS 0x00000005ce400000, 0x00000005ce400000|
| 108|0x00000005ce600000, 0x00000005ce600000, 0x00000005ce800000|  0%| F|  |TS  0|AC  0|TAMS 0x00000005ce600000, 0x00000005ce600000|
| 109|0x00000005ce800000, 0x00000005ce800000, 0x00000005cea00000|  0%| F|  |TS  0|AC  0|TAMS 0x00000005ce800000, 0x00000005ce800000|
| 110|0x00000005cea00000, 0x00000005cea00000, 0x00000005cec00000|  0%| F|  |TS  0|AC  0|TAMS 0x00000005cea00000, 0x00000005cea00000|
| 111|0x00000005cec00000, 0x00000005cec00000, 0x00000005cee00000|  0%| F|  |TS  0|AC  0|TAMS 0x00000005cec00000, 0x00000005cec00000|
| 112|0x00000005cee00000, 0x00000005cee00000, 0x00000005cf000000|  0%| F|  |TS  0|AC  0|TAMS 0x00000005cee00000, 0x00000005cee00000|
| 113|0x00000005cf000000, 0x00000005cf000000, 0x00000005cf200000|  0%| F|  |TS  0|AC  0|TAMS 0x00000005cf000000, 0x00000005cf000000|
| 114|0x00000005cf200000, 0x00000005cf200000, 0x00000005cf400000|  0%| F|  |TS  0|AC  0|TAMS 0x00000005cf200000, 0x00000005cf200000|
| 115|0x00000005cf400000, 0x00000005cf400000, 0x00000005cf600000|  0%| F|  |TS  0|AC  0|TAMS 0x00000005cf400000, 0x00000005cf400000|
| 116|0x00000005cf600000, 0x00000005cf600000, 0x00000005cf800000|  0%| F|  |TS  0|AC  0|TAMS 0x00000005cf600000, 0x00000005cf600000|
| 117|0x00000005cf800000, 0x00000005cf800000, 0x00000005cfa00000|  0%| F|  |TS  0|AC  0|TAMS 0x00000005cf800000, 0x00000005cf800000|
| 118|0x00000005cfa00000, 0x00000005cfa00000, 0x00000005cfc00000|  0%| F|  |TS  0|AC  0|TAMS 0x00000005cfa00000, 0x00000005cfa00000|
| 119|0x00000005cfc00000, 0x00000005cfc00000, 0x00000005cfe00000|  0%| F|  |TS  0|AC  0|TAMS 0x00000005cfc00000, 0x00000005cfc00000|
| 120|0x00000005cfe00000, 0x00000005cfe00000, 0x00000005d0000000|  0%| F|  |TS  0|AC  0|TAMS 0x00000005cfe00000, 0x00000005cfe00000|
| 121|0x00000005d0000000, 0x00000005d0000000, 0x00000005d0200000|  0%| F|  |TS  0|AC  0|TAMS 0x00000005d0000000, 0x00000005d0000000|
| 122|0x00000005d0200000, 0x00000005d0200000, 0x00000005d0400000|  0%| F|  |TS  0|AC  0|TAMS 0x00000005d0200000, 0x00000005d0200000|
| 123|0x00000005d0400000, 0x00000005d0400000, 0x00000005d0600000|  0%| F|  |TS  0|AC  0|TAMS 0x00000005d0400000, 0x00000005d0400000|
| 124|0x00000005d0600000, 0x00000005d0600000, 0x00000005d0800000|  0%| F|  |TS  0|AC  0|TAMS 0x00000005d0600000, 0x00000005d0600000|
| 125|0x00000005d0800000, 0x00000005d0800000, 0x00000005d0a00000|  0%| F|  |TS  0|AC  0|TAMS 0x00000005d0800000, 0x00000005d0800000|
| 126|0x00000005d0a00000, 0x00000005d0a00000, 0x00000005d0c00000|  0%| F|  |TS  0|AC  0|TAMS 0x00000005d0a00000, 0x00000005d0a00000|
| 127|0x00000005d0c00000, 0x00000005d0c00000, 0x00000005d0e00000|  0%| F|  |TS  0|AC  0|TAMS 0x00000005d0c00000, 0x00000005d0c00000|
| 128|0x00000005d0e00000, 0x00000005d0e00000, 0x00000005d1000000|  0%| F|  |TS  0|AC  0|TAMS 0x00000005d0e00000, 0x00000005d0e00000|
| 129|0x00000005d1000000, 0x00000005d1000000, 0x00000005d1200000|  0%| F|  |TS  0|AC  0|TAMS 0x00000005d1000000, 0x00000005d1000000|
| 130|0x00000005d1200000, 0x00000005d1200000, 0x00000005d1400000|  0%| F|  |TS  0|AC  0|TAMS 0x00000005d1200000, 0x00000005d1200000|
| 131|0x00000005d1400000, 0x00000005d1400000, 0x00000005d1600000|  0%| F|  |TS  0|AC  0|TAMS 0x00000005d1400000, 0x00000005d1400000|
| 132|0x00000005d1600000, 0x00000005d1600000, 0x00000005d1800000|  0%| F|  |TS  0|AC  0|TAMS 0x00000005d1600000, 0x00000005d1600000|
| 133|0x00000005d1800000, 0x00000005d1800000, 0x00000005d1a00000|  0%| F|  |TS  0|AC  0|TAMS 0x00000005d1800000, 0x00000005d1800000|
| 134|0x00000005d1a00000, 0x00000005d1a00000, 0x00000005d1c00000|  0%| F|  |TS  0|AC  0|TAMS 0x00000005d1a00000, 0x00000005d1a00000|
| 135|0x00000005d1c00000, 0x00000005d1c00000, 0x00000005d1e00000|  0%| F|  |TS  0|AC  0|TAMS 0x00000005d1c00000, 0x00000005d1c00000|
| 136|0x00000005d1e00000, 0x00000005d1e00000, 0x00000005d2000000|  0%| F|  |TS  0|AC  0|TAMS 0x00000005d1e00000, 0x00000005d1e00000|
| 137|0x00000005d2000000, 0x00000005d2000000, 0x00000005d2200000|  0%| F|  |TS  0|AC  0|TAMS 0x00000005d2000000, 0x00000005d2000000|
| 138|0x00000005d2200000, 0x00000005d2200000, 0x00000005d2400000|  0%| F|  |TS  0|AC  0|TAMS 0x00000005d2200000, 0x00000005d2200000|
| 139|0x00000005d2400000, 0x00000005d2400000, 0x00000005d2600000|  0%| F|  |TS  0|AC  0|TAMS 0x00000005d2400000, 0x00000005d2400000|
| 140|0x00000005d2600000, 0x00000005d2600000, 0x00000005d2800000|  0%| F|  |TS  0|AC  0|TAMS 0x00000005d2600000, 0x00000005d2600000|
| 141|0x00000005d2800000, 0x00000005d2800000, 0x00000005d2a00000|  0%| F|  |TS  0|AC  0|TAMS 0x00000005d2800000, 0x00000005d2800000|
| 142|0x00000005d2a00000, 0x00000005d2a00000, 0x00000005d2c00000|  0%| F|  |TS  0|AC  0|TAMS 0x00000005d2a00000, 0x00000005d2a00000|
| 143|0x00000005d2c00000, 0x00000005d2c00000, 0x00000005d2e00000|  0%| F|  |TS  0|AC  0|TAMS 0x00000005d2c00000, 0x00000005d2c00000|
| 144|0x00000005d2e00000, 0x00000005d2e00000, 0x00000005d3000000|  0%| F|  |TS  0|AC  0|TAMS 0x00000005d2e00000, 0x00000005d2e00000|
| 145|0x00000005d3000000, 0x00000005d3000000, 0x00000005d3200000|  0%| F|  |TS  0|AC  0|TAMS 0x00000005d3000000, 0x00000005d3000000|
| 146|0x00000005d3200000, 0x00000005d3200000, 0x00000005d3400000|  0%| F|  |TS  0|AC  0|TAMS 0x00000005d3200000, 0x00000005d3200000|
| 147|0x00000005d3400000, 0x00000005d3400000, 0x00000005d3600000|  0%| F|  |TS  0|AC  0|TAMS 0x00000005d3400000, 0x00000005d3400000|
| 148|0x00000005d3600000, 0x00000005d3600000, 0x00000005d3800000|  0%| F|  |TS  0|AC  0|TAMS 0x00000005d3600000, 0x00000005d3600000|
| 149|0x00000005d3800000, 0x00000005d3800000, 0x00000005d3a00000|  0%| F|  |TS  0|AC  0|TAMS 0x00000005d3800000, 0x00000005d3800000|
| 150|0x00000005d3a00000, 0x00000005d3a00000, 0x00000005d3c00000|  0%| F|  |TS  0|AC  0|TAMS 0x00000005d3a00000, 0x00000005d3a00000|
| 151|0x00000005d3c00000, 0x00000005d3c00000, 0x00000005d3e00000|  0%| F|  |TS  0|AC  0|TAMS 0x00000005d3c00000, 0x00000005d3c00000|
| 152|0x00000005d3e00000, 0x00000005d3e00000, 0x00000005d4000000|  0%| F|  |TS  0|AC  0|TAMS 0x00000005d3e00000, 0x00000005d3e00000|
| 153|0x00000005d4000000, 0x00000005d4000000, 0x00000005d4200000|  0%| F|  |TS  0|AC  0|TAMS 0x00000005d4000000, 0x00000005d4000000|
| 154|0x00000005d4200000, 0x00000005d4200000, 0x00000005d4400000|  0%| F|  |TS  0|AC  0|TAMS 0x00000005d4200000, 0x00000005d4200000|
| 155|0x00000005d4400000, 0x00000005d4400000, 0x00000005d4600000|  0%| F|  |TS  0|AC  0|TAMS 0x00000005d4400000, 0x00000005d4400000|
| 156|0x00000005d4600000, 0x00000005d4600000, 0x00000005d4800000|  0%| F|  |TS  0|AC  0|TAMS 0x00000005d4600000, 0x00000005d4600000|
| 157|0x00000005d4800000, 0x00000005d4800000, 0x00000005d4a00000|  0%| F|  |TS  0|AC  0|TAMS 0x00000005d4800000, 0x00000005d4800000|
| 158|0x00000005d4a00000, 0x00000005d4a00000, 0x00000005d4c00000|  0%| F|  |TS  0|AC  0|TAMS 0x00000005d4a00000, 0x00000005d4a00000|
| 159|0x00000005d4c00000, 0x00000005d4c00000, 0x00000005d4e00000|  0%| F|  |TS  0|AC  0|TAMS 0x00000005d4c00000, 0x00000005d4c00000|
| 160|0x00000005d4e00000, 0x00000005d4e00000, 0x00000005d5000000|  0%| F|  |TS  0|AC  0|TAMS 0x00000005d4e00000, 0x00000005d4e00000|
| 161|0x00000005d5000000, 0x00000005d5000000, 0x00000005d5200000|  0%| F|  |TS  0|AC  0|TAMS 0x00000005d5000000, 0x00000005d5000000|
| 162|0x00000005d5200000, 0x00000005d5200000, 0x00000005d5400000|  0%| F|  |TS  0|AC  0|TAMS 0x00000005d5200000, 0x00000005d5200000|
| 163|0x00000005d5400000, 0x00000005d5400000, 0x00000005d5600000|  0%| F|  |TS  0|AC  0|TAMS 0x00000005d5400000, 0x00000005d5400000|
| 164|0x00000005d5600000, 0x00000005d5600000, 0x00000005d5800000|  0%| F|  |TS  0|AC  0|TAMS 0x00000005d5600000, 0x00000005d5600000|
| 165|0x00000005d5800000, 0x00000005d5800000, 0x00000005d5a00000|  0%| F|  |TS  0|AC  0|TAMS 0x00000005d5800000, 0x00000005d5800000|
| 166|0x00000005d5a00000, 0x00000005d5a00000, 0x00000005d5c00000|  0%| F|  |TS  0|AC  0|TAMS 0x00000005d5a00000, 0x00000005d5a00000|
| 167|0x00000005d5c00000, 0x00000005d5c00000, 0x00000005d5e00000|  0%| F|  |TS  0|AC  0|TAMS 0x00000005d5c00000, 0x00000005d5c00000|
| 168|0x00000005d5e00000, 0x00000005d5e00000, 0x00000005d6000000|  0%| F|  |TS  0|AC  0|TAMS 0x00000005d5e00000, 0x00000005d5e00000|
| 169|0x00000005d6000000, 0x00000005d6000000, 0x00000005d6200000|  0%| F|  |TS  0|AC  0|TAMS 0x00000005d6000000, 0x00000005d6000000|
| 170|0x00000005d6200000, 0x00000005d6200000, 0x00000005d6400000|  0%| F|  |TS  0|AC  0|TAMS 0x00000005d6200000, 0x00000005d6200000|
| 171|0x00000005d6400000, 0x00000005d6400000, 0x00000005d6600000|  0%| F|  |TS  0|AC  0|TAMS 0x00000005d6400000, 0x00000005d6400000|
| 172|0x00000005d6600000, 0x00000005d6600000, 0x00000005d6800000|  0%| F|  |TS  0|AC  0|TAMS 0x00000005d6600000, 0x00000005d6600000|
| 173|0x00000005d6800000, 0x00000005d6800000, 0x00000005d6a00000|  0%| F|  |TS  0|AC  0|TAMS 0x00000005d6800000, 0x00000005d6800000|
| 174|0x00000005d6a00000, 0x00000005d6a00000, 0x00000005d6c00000|  0%| F|  |TS  0|AC  0|TAMS 0x00000005d6a00000, 0x00000005d6a00000|
| 175|0x00000005d6c00000, 0x00000005d6c00000, 0x00000005d6e00000|  0%| F|  |TS  0|AC  0|TAMS 0x00000005d6c00000, 0x00000005d6c00000|
| 176|0x00000005d6e00000, 0x00000005d6e00000, 0x00000005d7000000|  0%| F|  |TS  0|AC  0|TAMS 0x00000005d6e00000, 0x00000005d6e00000|
| 177|0x00000005d7000000, 0x00000005d7000000, 0x00000005d7200000|  0%| F|  |TS  0|AC  0|TAMS 0x00000005d7000000, 0x00000005d7000000|
| 178|0x00000005d7200000, 0x00000005d7200000, 0x00000005d7400000|  0%| F|  |TS  0|AC  0|TAMS 0x00000005d7200000, 0x00000005d7200000|
| 179|0x00000005d7400000, 0x00000005d7400000, 0x00000005d7600000|  0%| F|  |TS  0|AC  0|TAMS 0x00000005d7400000, 0x00000005d7400000|
| 180|0x00000005d7600000, 0x00000005d7600000, 0x00000005d7800000|  0%| F|  |TS  0|AC  0|TAMS 0x00000005d7600000, 0x00000005d7600000|
| 181|0x00000005d7800000, 0x00000005d7800000, 0x00000005d7a00000|  0%| F|  |TS  0|AC  0|TAMS 0x00000005d7800000, 0x00000005d7800000|
| 182|0x00000005d7a00000, 0x00000005d7a00000, 0x00000005d7c00000|  0%| F|  |TS  0|AC  0|TAMS 0x00000005d7a00000, 0x00000005d7a00000|
| 183|0x00000005d7c00000, 0x00000005d7c00000, 0x00000005d7e00000|  0%| F|  |TS  0|AC  0|TAMS 0x00000005d7c00000, 0x00000005d7c00000|
| 184|0x00000005d7e00000, 0x00000005d7e00000, 0x00000005d8000000|  0%| F|  |TS  0|AC  0|TAMS 0x00000005d7e00000, 0x00000005d7e00000|
| 185|0x00000005d8000000, 0x00000005d8000000, 0x00000005d8200000|  0%| F|  |TS  0|AC  0|TAMS 0x00000005d8000000, 0x00000005d8000000|
| 186|0x00000005d8200000, 0x00000005d8200000, 0x00000005d8400000|  0%| F|  |TS  0|AC  0|TAMS 0x00000005d8200000, 0x00000005d8200000|
| 187|0x00000005d8400000, 0x00000005d8400000, 0x00000005d8600000|  0%| F|  |TS  0|AC  0|TAMS 0x00000005d8400000, 0x00000005d8400000|
| 188|0x00000005d8600000, 0x00000005d8600000, 0x00000005d8800000|  0%| F|  |TS  0|AC  0|TAMS 0x00000005d8600000, 0x00000005d8600000|
| 189|0x00000005d8800000, 0x00000005d8800000, 0x00000005d8a00000|  0%| F|  |TS  0|AC  0|TAMS 0x00000005d8800000, 0x00000005d8800000|
| 190|0x00000005d8a00000, 0x00000005d8a00000, 0x00000005d8c00000|  0%| F|  |TS  0|AC  0|TAMS 0x00000005d8a00000, 0x00000005d8a00000|
| 191|0x00000005d8c00000, 0x00000005d8c00000, 0x00000005d8e00000|  0%| F|  |TS  0|AC  0|TAMS 0x00000005d8c00000, 0x00000005d8c00000|
| 192|0x00000005d8e00000, 0x00000005d8e00000, 0x00000005d9000000|  0%| F|  |TS  0|AC  0|TAMS 0x00000005d8e00000, 0x00000005d8e00000|
| 193|0x00000005d9000000, 0x00000005d9000000, 0x00000005d9200000|  0%| F|  |TS  0|AC  0|TAMS 0x00000005d9000000, 0x00000005d9000000|
| 194|0x00000005d9200000, 0x00000005d9200000, 0x00000005d9400000|  0%| F|  |TS  0|AC  0|TAMS 0x00000005d9200000, 0x00000005d9200000|
| 195|0x00000005d9400000, 0x00000005d9400000, 0x00000005d9600000|  0%| F|  |TS  0|AC  0|TAMS 0x00000005d9400000, 0x00000005d9400000|
| 196|0x00000005d9600000, 0x00000005d9600000, 0x00000005d9800000|  0%| F|  |TS  0|AC  0|TAMS 0x00000005d9600000, 0x00000005d9600000|
| 197|0x00000005d9800000, 0x00000005d9800000, 0x00000005d9a00000|  0%| F|  |TS  0|AC  0|TAMS 0x00000005d9800000, 0x00000005d9800000|
| 198|0x00000005d9a00000, 0x00000005d9a00000, 0x00000005d9c00000|  0%| F|  |TS  0|AC  0|TAMS 0x00000005d9a00000, 0x00000005d9a00000|
| 199|0x00000005d9c00000, 0x00000005d9c00000, 0x00000005d9e00000|  0%| F|  |TS  0|AC  0|TAMS 0x00000005d9c00000, 0x00000005d9c00000|
| 200|0x00000005d9e00000, 0x00000005d9e00000, 0x00000005da000000|  0%| F|  |TS  0|AC  0|TAMS 0x00000005d9e00000, 0x00000005d9e00000|
| 201|0x00000005da000000, 0x00000005da000000, 0x00000005da200000|  0%| F|  |TS  0|AC  0|TAMS 0x00000005da000000, 0x00000005da000000|
| 202|0x00000005da200000, 0x00000005da200000, 0x00000005da400000|  0%| F|  |TS  0|AC  0|TAMS 0x00000005da200000, 0x00000005da200000|
| 203|0x00000005da400000, 0x00000005da400000, 0x00000005da600000|  0%| F|  |TS  0|AC  0|TAMS 0x00000005da400000, 0x00000005da400000|
| 204|0x00000005da600000, 0x00000005da600000, 0x00000005da800000|  0%| F|  |TS  0|AC  0|TAMS 0x00000005da600000, 0x00000005da600000|
| 205|0x00000005da800000, 0x00000005da800000, 0x00000005daa00000|  0%| F|  |TS  0|AC  0|TAMS 0x00000005da800000, 0x00000005da800000|
| 206|0x00000005daa00000, 0x00000005daa00000, 0x00000005dac00000|  0%| F|  |TS  0|AC  0|TAMS 0x00000005daa00000, 0x00000005daa00000|
| 207|0x00000005dac00000, 0x00000005dac00000, 0x00000005dae00000|  0%| F|  |TS  0|AC  0|TAMS 0x00000005dac00000, 0x00000005dac00000|
| 208|0x00000005dae00000, 0x00000005dae00000, 0x00000005db000000|  0%| F|  |TS  0|AC  0|TAMS 0x00000005dae00000, 0x00000005dae00000|
| 209|0x00000005db000000, 0x00000005db000000, 0x00000005db200000|  0%| F|  |TS  0|AC  0|TAMS 0x00000005db000000, 0x00000005db000000|
| 210|0x00000005db200000, 0x00000005db200000, 0x00000005db400000|  0%| F|  |TS  0|AC  0|TAMS 0x00000005db200000, 0x00000005db200000|
| 211|0x00000005db400000, 0x00000005db400000, 0x00000005db600000|  0%| F|  |TS  0|AC  0|TAMS 0x00000005db400000, 0x00000005db400000|
| 212|0x00000005db600000, 0x00000005db600000, 0x00000005db800000|  0%| F|  |TS  0|AC  0|TAMS 0x00000005db600000, 0x00000005db600000|
| 213|0x00000005db800000, 0x00000005db800000, 0x00000005dba00000|  0%| F|  |TS  0|AC  0|TAMS 0x00000005db800000, 0x00000005db800000|
| 214|0x00000005dba00000, 0x00000005dba00000, 0x00000005dbc00000|  0%| F|  |TS  0|AC  0|TAMS 0x00000005dba00000, 0x00000005dba00000|
| 215|0x00000005dbc00000, 0x00000005dbc00000, 0x00000005dbe00000|  0%| F|  |TS  0|AC  0|TAMS 0x00000005dbc00000, 0x00000005dbc00000|
| 216|0x00000005dbe00000, 0x00000005dbe00000, 0x00000005dc000000|  0%| F|  |TS  0|AC  0|TAMS 0x00000005dbe00000, 0x00000005dbe00000|
| 217|0x00000005dc000000, 0x00000005dc000000, 0x00000005dc200000|  0%| F|  |TS  0|AC  0|TAMS 0x00000005dc000000, 0x00000005dc000000|
| 218|0x00000005dc200000, 0x00000005dc200000, 0x00000005dc400000|  0%| F|  |TS  0|AC  0|TAMS 0x00000005dc200000, 0x00000005dc200000|
| 219|0x00000005dc400000, 0x00000005dc400000, 0x00000005dc600000|  0%| F|  |TS  0|AC  0|TAMS 0x00000005dc400000, 0x00000005dc400000|
| 220|0x00000005dc600000, 0x00000005dc600000, 0x00000005dc800000|  0%| F|  |TS  0|AC  0|TAMS 0x00000005dc600000, 0x00000005dc600000|
| 221|0x00000005dc800000, 0x00000005dc800000, 0x00000005dca00000|  0%| F|  |TS  0|AC  0|TAMS 0x00000005dc800000, 0x00000005dc800000|
| 222|0x00000005dca00000, 0x00000005dca00000, 0x00000005dcc00000|  0%| F|  |TS  0|AC  0|TAMS 0x00000005dca00000, 0x00000005dca00000|
| 223|0x00000005dcc00000, 0x00000005dcc00000, 0x00000005dce00000|  0%| F|  |TS  0|AC  0|TAMS 0x00000005dcc00000, 0x00000005dcc00000|
| 224|0x00000005dce00000, 0x00000005dce00000, 0x00000005dd000000|  0%| F|  |TS  0|AC  0|TAMS 0x00000005dce00000, 0x00000005dce00000|
| 225|0x00000005dd000000, 0x00000005dd000000, 0x00000005dd200000|  0%| F|  |TS  0|AC  0|TAMS 0x00000005dd000000, 0x00000005dd000000|
| 226|0x00000005dd200000, 0x00000005dd200000, 0x00000005dd400000|  0%| F|  |TS  0|AC  0|TAMS 0x00000005dd200000, 0x00000005dd200000|
| 227|0x00000005dd400000, 0x00000005dd400000, 0x00000005dd600000|  0%| F|  |TS  0|AC  0|TAMS 0x00000005dd400000, 0x00000005dd400000|
| 228|0x00000005dd600000, 0x00000005dd600000, 0x00000005dd800000|  0%| F|  |TS  0|AC  0|TAMS 0x00000005dd600000, 0x00000005dd600000|
| 229|0x00000005dd800000, 0x00000005dd800000, 0x00000005dda00000|  0%| F|  |TS  0|AC  0|TAMS 0x00000005dd800000, 0x00000005dd800000|
| 230|0x00000005dda00000, 0x00000005dda00000, 0x00000005ddc00000|  0%| F|  |TS  0|AC  0|TAMS 0x00000005dda00000, 0x00000005dda00000|
| 231|0x00000005ddc00000, 0x00000005ddc00000, 0x00000005dde00000|  0%| F|  |TS  0|AC  0|TAMS 0x00000005ddc00000, 0x00000005ddc00000|
| 232|0x00000005dde00000, 0x00000005dde00000, 0x00000005de000000|  0%| F|  |TS  0|AC  0|TAMS 0x00000005dde00000, 0x00000005dde00000|
| 233|0x00000005de000000, 0x00000005de000000, 0x00000005de200000|  0%| F|  |TS  0|AC  0|TAMS 0x00000005de000000, 0x00000005de000000|
| 234|0x00000005de200000, 0x00000005de200000, 0x00000005de400000|  0%| F|  |TS  0|AC  0|TAMS 0x00000005de200000, 0x00000005de200000|
| 235|0x00000005de400000, 0x00000005de400000, 0x00000005de600000|  0%| F|  |TS  0|AC  0|TAMS 0x00000005de400000, 0x00000005de400000|
| 236|0x00000005de600000, 0x00000005de600000, 0x00000005de800000|  0%| F|  |TS  0|AC  0|TAMS 0x00000005de600000, 0x00000005de600000|
| 237|0x00000005de800000, 0x00000005de800000, 0x00000005dea00000|  0%| F|  |TS  0|AC  0|TAMS 0x00000005de800000, 0x00000005de800000|
| 238|0x00000005dea00000, 0x00000005dea00000, 0x00000005dec00000|  0%| F|  |TS  0|AC  0|TAMS 0x00000005dea00000, 0x00000005dea00000|
| 239|0x00000005dec00000, 0x00000005dec00000, 0x00000005dee00000|  0%| F|  |TS  0|AC  0|TAMS 0x00000005dec00000, 0x00000005dec00000|
| 240|0x00000005dee00000, 0x00000005dee00000, 0x00000005df000000|  0%| F|  |TS  0|AC  0|TAMS 0x00000005dee00000, 0x00000005dee00000|
| 241|0x00000005df000000, 0x00000005df000000, 0x00000005df200000|  0%| F|  |TS  0|AC  0|TAMS 0x00000005df000000, 0x00000005df000000|
| 242|0x00000005df200000, 0x00000005df200000, 0x00000005df400000|  0%| F|  |TS  0|AC  0|TAMS 0x00000005df200000, 0x00000005df200000|
| 243|0x00000005df400000, 0x00000005df400000, 0x00000005df600000|  0%| F|  |TS  0|AC  0|TAMS 0x00000005df400000, 0x00000005df400000|
| 244|0x00000005df600000, 0x00000005df600000, 0x00000005df800000|  0%| F|  |TS  0|AC  0|TAMS 0x00000005df600000, 0x00000005df600000|
| 245|0x00000005df800000, 0x00000005df800000, 0x00000005dfa00000|  0%| F|  |TS  0|AC  0|TAMS 0x00000005df800000, 0x00000005df800000|
| 246|0x00000005dfa00000, 0x00000005dfa00000, 0x00000005dfc00000|  0%| F|  |TS  0|AC  0|TAMS 0x00000005dfa00000, 0x00000005dfa00000|
| 247|0x00000005dfc00000, 0x00000005dfc00000, 0x00000005dfe00000|  0%| F|  |TS  0|AC  0|TAMS 0x00000005dfc00000, 0x00000005dfc00000|
| 248|0x00000005dfe00000, 0x00000005dfe00000, 0x00000005e0000000|  0%| F|  |TS  0|AC  0|TAMS 0x00000005dfe00000, 0x00000005dfe00000|
| 249|0x00000005e0000000, 0x00000005e0000000, 0x00000005e0200000|  0%| F|  |TS  0|AC  0|TAMS 0x00000005e0000000, 0x00000005e0000000|
| 250|0x00000005e0200000, 0x00000005e0200000, 0x00000005e0400000|  0%| F|  |TS  0|AC  0|TAMS 0x00000005e0200000, 0x00000005e0200000|
| 251|0x00000005e0400000, 0x00000005e0400000, 0x00000005e0600000|  0%| F|  |TS  0|AC  0|TAMS 0x00000005e0400000, 0x00000005e0400000|
| 252|0x00000005e0600000, 0x00000005e0600000, 0x00000005e0800000|  0%| F|  |TS  0|AC  0|TAMS 0x00000005e0600000, 0x00000005e0600000|
| 253|0x00000005e0800000, 0x00000005e0800000, 0x00000005e0a00000|  0%| F|  |TS  0|AC  0|TAMS 0x00000005e0800000, 0x00000005e0800000|
| 254|0x00000005e0a00000, 0x00000005e0af6450, 0x00000005e0c00000| 48%| E|  |TS  0|AC  0|TAMS 0x00000005e0a00000, 0x00000005e0a00000|
| 255|0x00000005e0c00000, 0x00000005e0e00000, 0x00000005e0e00000|100%| E|CS|TS  0|AC  0|TAMS 0x00000005e0c00000, 0x00000005e0c00000|

Card table byte_map: [0x00000229f9f60000,0x00000229faf60000] byte_map_base: 0x00000229f7159000

Marking Bits (Prev, Next): (CMBitMap*) 0x00000229f5c1cfb0, (CMBitMap*) 0x00000229f5c1cfe8
 Prev Bits: [0x0000022999650000, 0x00000229a1618000)
 Next Bits: [0x00000229a1620000, 0x00000229a95e8000)

Polling page: 0x00000229f5b00000

CodeHeap 'non-profiled nmethods': size=120000Kb used=86Kb max_used=86Kb free=119914Kb
 bounds [0x0000022992120000, 0x0000022992390000, 0x0000022999650000]
CodeHeap 'profiled nmethods': size=120000Kb used=357Kb max_used=373Kb free=119642Kb
 bounds [0x000002298abf0000, 0x000002298ae60000, 0x0000022992120000]
CodeHeap 'non-nmethods': size=5760Kb used=1183Kb max_used=1195Kb free=4576Kb
 bounds [0x000002298a650000, 0x000002298a8c0000, 0x000002298abf0000]
 total_blobs=672 nmethods=269 adapters=232
 compilation: enabled

Compilation events (10 events):
Event: 22.778 Thread 0x00000229ff5f0800  279       3       java.util.ArrayList::newCapacity (65 bytes)
Event: 22.778 Thread 0x00000229ff5f0800 nmethod 279 0x000002298abf3510 code [0x000002298abf3720, 0x000002298abf3d20]
Event: 22.821 Thread 0x00000229ff5e5800  280       4       java.lang.AbstractStringBuilder::append (77 bytes)
Event: 22.826 Thread 0x00000229ff5e5800 nmethod 280 0x0000022992134210 code [0x00000229921343c0, 0x0000022992134868]
Event: 22.864 Thread 0x00000229ff5f0800  281       1       java.util.ArrayList::size (5 bytes)
Event: 22.864 Thread 0x00000229ff5f0800 nmethod 281 0x0000022992134b10 code [0x0000022992134cc0, 0x0000022992134dd8]
Event: 23.019 Thread 0x00000229ff5f0800  282       3       java.util.ArrayList::isEmpty (13 bytes)
Event: 23.019 Thread 0x00000229ff5f0800 nmethod 282 0x000002298abf1390 code [0x000002298abf1540, 0x000002298abf16f8]
Event: 24.841 Thread 0x00000229ff5e6800  283       4       java.lang.StringBuilder::append (8 bytes)
Event: 24.845 Thread 0x00000229ff5e6800 nmethod 283 0x0000022992134e90 code [0x0000022992135040, 0x0000022992135568]

GC Heap History (0 events):
No events

Deoptimization events (0 events):
No events

Classes redefined (3 events):
Event: 122.834 Thread 0x00000229ff579000 redefined class name=Board, count=1
Event: 158.855 Thread 0x00000229ff579000 redefined class name=Board, count=2
Event: 228.576 Thread 0x00000229ff579000 redefined class name=Board, count=3

Internal exceptions (3 events):
Event: 0.226 Thread 0x00000229f5b5c000 Exception <a 'java/lang/NoSuchMethodError'{0x00000005e0a5cf50}: java.lang.Object.lambda$negate$3(I)Z> (0x00000005e0a5cf50) thrown at [t:/workspace/hotspot/src/share/vm/interpreter/linkResolver.cpp, line 731]
Event: 0.227 Thread 0x00000229f5b5c000 Exception <a 'java/lang/NoSuchMethodError'{0x00000005e0a603a8}: java.lang.Object.lambda$and$0(Ljava/util/regex/Pattern$CharPredicate;I)Z> (0x00000005e0a603a8) thrown at [t:/workspace/hotspot/src/share/vm/interpreter/linkResolver.cpp, line 731]
Event: 0.260 Thread 0x00000229f5b5c000 Exception <a 'java/lang/NoSuchMethodError'{0x00000005e0abaeb8}: java.lang.Object.lambda$union$2(Ljava/util/regex/Pattern$CharPredicate;I)Z> (0x00000005e0abaeb8) thrown at [t:/workspace/hotspot/src/share/vm/interpreter/linkResolver.cpp, line 731]

Events (10 events):
Event: 228.578 Executing VM operation: GetOrSetLocal done
Event: 228.607 Executing VM operation: ChangeBreakpoints
Event: 228.607 Executing VM operation: ChangeBreakpoints done
Event: 228.631 Executing VM operation: GetFrameCount
Event: 228.631 Executing VM operation: GetFrameCount done
Event: 228.631 Executing VM operation: GetFrameLocation
Event: 228.631 Executing VM operation: GetFrameLocation done
Event: 228.632 Executing VM operation: GetFrameLocation
Event: 228.632 Executing VM operation: GetFrameLocation done
Event: 228.632 Executing VM operation: GetOrSetLocal


Dynamic libraries:
0x00007ff710830000 - 0x00007ff71086e000 	C:\Program Files\Java\jdk-9.0.1\bin\java.exe
0x00007ff944a40000 - 0x00007ff944c1b000 	C:\Windows\SYSTEM32\ntdll.dll
0x00007ff944790000 - 0x00007ff94483e000 	C:\Windows\System32\KERNEL32.DLL
0x00007ff941a20000 - 0x00007ff941c69000 	C:\Windows\System32\KERNELBASE.dll
0x00007ff942390000 - 0x00007ff942431000 	C:\Windows\System32\ADVAPI32.dll
0x00007ff944900000 - 0x00007ff94499d000 	C:\Windows\System32\msvcrt.dll
0x00007ff9427b0000 - 0x00007ff942809000 	C:\Windows\System32\sechost.dll
0x00007ff942e50000 - 0x00007ff942f75000 	C:\Windows\System32\RPCRT4.dll
0x00007ff9425c0000 - 0x00007ff94270a000 	C:\Windows\System32\USER32.dll
0x00007ff941e20000 - 0x00007ff941e3e000 	C:\Windows\System32\win32u.dll
0x00007ff942780000 - 0x00007ff9427a7000 	C:\Windows\System32\GDI32.dll
0x00007ff941660000 - 0x00007ff9417e7000 	C:\Windows\System32\gdi32full.dll
0x00007ff941f00000 - 0x00007ff941f9a000 	C:\Windows\System32\msvcp_win.dll
0x00007ff941c70000 - 0x00007ff941d66000 	C:\Windows\System32\ucrtbase.dll
0x00007ff939c20000 - 0x00007ff939e87000 	C:\Windows\WinSxS\amd64_microsoft.windows.common-controls_6595b64144ccf1df_6.0.15063.483_none_26002d27e7c744a2\COMCTL32.dll
0x00007ff942010000 - 0x00007ff942309000 	C:\Windows\System32\combase.dll
0x00007ff941e90000 - 0x00007ff941efa000 	C:\Windows\System32\bcryptPrimitives.dll
0x00007ff93c110000 - 0x00007ff93c11a000 	C:\Windows\SYSTEM32\VERSION.dll
0x00007ff942590000 - 0x00007ff9425bd000 	C:\Windows\System32\IMM32.DLL
0x00007ff91f380000 - 0x00007ff91f46f000 	C:\Program Files\Java\jdk-9.0.1\bin\msvcr120.dll
0x00007ff91f080000 - 0x00007ff91f126000 	C:\Program Files\Java\jdk-9.0.1\bin\msvcp120.dll
0x0000000075c70000 - 0x0000000076694000 	C:\Program Files\Java\jdk-9.0.1\bin\server\jvm.dll
0x00007ff942000000 - 0x00007ff942008000 	C:\Windows\System32\PSAPI.DLL
0x00007ff93e600000 - 0x00007ff93e623000 	C:\Windows\SYSTEM32\WINMM.dll
0x00007ff920860000 - 0x00007ff920869000 	C:\Windows\SYSTEM32\WSOCK32.dll
0x00007ff942710000 - 0x00007ff94277c000 	C:\Windows\System32\WS2_32.dll
0x00007ff93e190000 - 0x00007ff93e1bb000 	C:\Windows\SYSTEM32\winmmbase.dll
0x00007ff941e40000 - 0x00007ff941e89000 	C:\Windows\System32\cfgmgr32.dll
0x00007ff93e0e0000 - 0x00007ff93e0ef000 	C:\Program Files\Java\jdk-9.0.1\bin\verify.dll
0x00007ff93e080000 - 0x00007ff93e0a7000 	C:\Program Files\Java\jdk-9.0.1\bin\java.dll
0x00007ff939af0000 - 0x00007ff939b26000 	C:\Program Files\Java\jdk-9.0.1\bin\jdwp.dll
0x00007ff93e060000 - 0x00007ff93e076000 	C:\Program Files\Java\jdk-9.0.1\bin\zip.dll
0x00007ff93e0d0000 - 0x00007ff93e0da000 	C:\Program Files\Java\jdk-9.0.1\bin\jimage.dll
0x00007ff9431e0000 - 0x00007ff944617000 	C:\Windows\System32\SHELL32.dll
0x00007ff944850000 - 0x00007ff9448fa000 	C:\Windows\System32\shcore.dll
0x00007ff940f60000 - 0x00007ff941651000 	C:\Windows\System32\windows.storage.dll
0x00007ff942de0000 - 0x00007ff942e31000 	C:\Windows\System32\shlwapi.dll
0x00007ff940f40000 - 0x00007ff940f51000 	C:\Windows\System32\kernel.appcore.dll
0x00007ff940ef0000 - 0x00007ff940f3c000 	C:\Windows\System32\powrprof.dll
0x00007ff940ed0000 - 0x00007ff940ee5000 	C:\Windows\System32\profapi.dll
0x00007ff939b70000 - 0x00007ff939b8a000 	C:\Program Files\Java\jdk-9.0.1\bin\net.dll
0x00007ff93d380000 - 0x00007ff93d456000 	C:\Windows\SYSTEM32\WINHTTP.dll
0x00007ff9407c0000 - 0x00007ff94081c000 	C:\Windows\system32\mswsock.dll
0x00007ff939b50000 - 0x00007ff939b61000 	C:\Program Files\Java\jdk-9.0.1\bin\nio.dll
0x00007ff93e020000 - 0x00007ff93e02a000 	C:\Program Files\Java\jdk-9.0.1\bin\dt_socket.dll
0x00007ff932c40000 - 0x00007ff932de9000 	C:\Windows\SYSTEM32\dbghelp.dll

VM Arguments:
jvm_args: -agentlib:jdwp=transport=dt_socket,address=127.0.0.1:52248,suspend=y,server=n -Dfile.encoding=UTF-8 
java_command: Main
java_class_path (initial): D:\Users\Keahnignen\Documents\GitHub\Modul_266\MineSweeper_v2\out\production\MineSweeper_v2;C:\Program Files\JetBrains\IntelliJ IDEA 2017.2.6\lib\idea_rt.jar
Launcher Type: SUN_STANDARD

Logging:
Log output configuration:
#0: stdout all=warning uptime,level,tags
#1: stderr all=off uptime,level,tags

Environment Variables:
PATH=C:\ProgramData\Oracle\Java\javapath;C:\Windows\system32;C:\Windows;C:\Windows\System32\Wbem;C:\Windows\System32\WindowsPowerShell\v1.0\;C:\Users\Keahnignen\AppData\Local\Microsoft\WindowsApps;C:\Program Files (x86)\NVIDIA Corporation\PhysX\Common;C:\Program Files (x86)\GtkSharp\2.12\bin;D:\Program Files\Git\cmd;C:\Program Files\dotnet\;C:\Program Files\Microsoft SQL Server\130\Tools\Binn\;C:\Users\Keahnignen\AppData\Local\GitHubDesktop\bin;C:\Users\Keahnignen\AppData\Local\Microsoft\WindowsApps;C:\Users\Keahnignen\AppData\Local\GitHubDesktop\bin
USERNAME=Keahnignen
OS=Windows_NT
PROCESSOR_IDENTIFIER=Intel64 Family 6 Model 60 Stepping 3, GenuineIntel



---------------  S Y S T E M  ---------------

OS: Windows 10 , 64 bit Build 15063 (10.0.15063.296)

CPU:total 8 (initial active 8) (4 cores per cpu, 2 threads per core) family 6 model 60 stepping 3, cmov, cx8, fxsr, mmx, sse, sse2, sse3, ssse3, sse4.1, sse4.2, popcnt, avx, avx2, aes, clmul, erms, lzcnt, ht, tsc, tscinvbit, bmi1, bmi2, fma

Memory: 4k page, physical 33495432k(27132552k free), swap 38476168k(24332456k free)

vm_info: Java HotSpot(TM) 64-Bit Server VM (9.0.1+11) for windows-amd64 JRE (9.0.1+11), built on Sep 28 2017 04:54:03 by "mach5one" with MS VC++ 12.0 (VS2013)

END.
